#
# There is insufficient memory for the Java Runtime Environment to continue.
# Native memory allocation (malloc) failed to allocate 159536 bytes. Error detail: Chunk::new
# Possible reasons:
#   The system is out of physical RAM or swap space
#   This process is running with CompressedOops enabled, and the Java Heap may be blocking the growth of the native heap
# Possible solutions:
#   Reduce memory load on the system
#   Increase physical memory or swap space
#   Check if swap backing store is full
#   Decrease Java heap size (-Xmx/-Xms)
#   Decrease number of Java threads
#   Decrease Java thread stack sizes (-Xss)
#   Set larger code cache with -XX:ReservedCodeCacheSize=
#   JVM is running with Unscaled Compressed Oops mode in which the Java heap is
#     placed in the first 4GB address space. The Java Heap base address is the
#     maximum limit for the native heap growth. Please use -XX:HeapBaseMinAddress
#     to set the Java Heap base and to place the Java Heap above 4GB virtual address.
# This output file may be truncated or incomplete.
#
#  Out of Memory Error (arena.cpp:168), pid=12400, tid=18544
#
# JRE version: OpenJDK Runtime Environment Temurin-21.0.9+10 (21.0.9+10) (build 21.0.9+10-LTS)
# Java VM: OpenJDK 64-Bit Server VM Temurin-21.0.9+10 (21.0.9+10-LTS, mixed mode, sharing, tiered, compressed oops, compressed class ptrs, parallel gc, windows-amd64)
# No core dump will be written. Minidumps are not enabled by default on client versions of Windows
#

---------------  S U M M A R Y ------------

Command Line: --add-modules=ALL-SYSTEM --add-opens=java.base/java.util=ALL-UNNAMED --add-opens=java.base/java.lang=ALL-UNNAMED --add-opens=java.base/sun.nio.fs=ALL-UNNAMED -Declipse.application=org.eclipse.jdt.ls.core.id1 -Dosgi.bundles.defaultStartLevel=4 -Declipse.product=org.eclipse.jdt.ls.core.product -Djava.import.generatesMetadataFilesAtProjectRoot=false -DDetectVMInstallationsJob.disabled=true -Dfile.encoding=utf8 -XX:+UseParallelGC -XX:GCTimeRatio=4 -XX:AdaptiveSizePolicyWeight=90 -Dsun.zip.disableMemoryMapping=true -Xmx2G -Xms100m -Xlog:disable -javaagent:c:\Users\abhin\.vscode\extensions\redhat.java-1.52.0-win32-x64\lombok\lombok-1.18.39-4050.jar c:\Users\abhin\.vscode\extensions\redhat.java-1.52.0-win32-x64\server\plugins\org.eclipse.equinox.launcher_1.7.100.v20251111-0406.jar -configuration c:\Users\abhin\AppData\Roaming\Code\User\globalStorage\redhat.java\1.52.0\config_ss_win -data c:\Users\abhin\AppData\Roaming\Code\User\workspaceStorage\cd8829bb144f266e71c185ab02aa06c9\redhat.java\ss_ws --pipe=\\.\pipe\lsp-5b5f51d14a6eb0f1015e7fbd64df2653-sock

Host: AMD Ryzen 5 5600H with Radeon Graphics         , 12 cores, 15G,  Windows 11 , 64 bit Build 22621 (10.0.22621.5415)
Time: Sat Feb 14 17:53:52 2026 India Standard Time elapsed time: 2.538960 seconds (0d 0h 0m 2s)

---------------  T H R E A D  ---------------

Current thread (0x000001b9507973e0):  JavaThread "C2 CompilerThread0" daemon [_thread_in_native, id=18544, stack(0x000000535ff00000,0x0000005360000000) (1024K)]


Current CompileTask:
C2:2539 2590       4       java.util.regex.Matcher::search (154 bytes)

Stack: [0x000000535ff00000,0x0000005360000000]
Native frames: (J=compiled Java code, j=interpreted, Vv=VM code, C=native code)
V  [jvm.dll+0x6d6e29]
V  [jvm.dll+0x8b4b76]
V  [jvm.dll+0x8b712e]
V  [jvm.dll+0x8b7813]
V  [jvm.dll+0x283d86]
V  [jvm.dll+0xc66ed]
V  [jvm.dll+0xc6c31]
V  [jvm.dll+0x2facee]
V  [jvm.dll+0x5fde44]
V  [jvm.dll+0x255557]
V  [jvm.dll+0x24dc5f]
V  [jvm.dll+0x24b482]
V  [jvm.dll+0x1cb13e]
V  [jvm.dll+0x25b29d]
V  [jvm.dll+0x25982a]
V  [jvm.dll+0x3f7ea6]
V  [jvm.dll+0x85e9ad]
V  [jvm.dll+0x6d565d]
C  [ucrtbase.dll+0x29333]
C  [KERNEL32.DLL+0x1259d]
C  [ntdll.dll+0x5af78]


---------------  P R O C E S S  ---------------

Threads class SMR info:
_java_thread_list=0x000001b955d4b910, length=18, elements={
0x000001b976d0a100, 0x000001b9507844b0, 0x000001b97e7bc000, 0x000001b97e7be2a0,
0x000001b950786210, 0x000001b950787fd0, 0x000001b95078cbe0, 0x000001b9507973e0,
0x000001b950799b40, 0x000001b95097b950, 0x000001b950ab1560, 0x000001b950b6c5d0,
0x000001b95590f3a0, 0x000001b95590fa00, 0x000001b955869de0, 0x000001b9557b3a10,
0x000001b955b27f20, 0x000001b955b28c70
}

Java Threads: ( => current thread )
  0x000001b976d0a100 JavaThread "main"                              [_thread_blocked, id=28704, stack(0x000000535f500000,0x000000535f600000) (1024K)]
  0x000001b9507844b0 JavaThread "Reference Handler"          daemon [_thread_blocked, id=10580, stack(0x000000535f900000,0x000000535fa00000) (1024K)]
  0x000001b97e7bc000 JavaThread "Finalizer"                  daemon [_thread_blocked, id=29168, stack(0x000000535fa00000,0x000000535fb00000) (1024K)]
  0x000001b97e7be2a0 JavaThread "Signal Dispatcher"          daemon [_thread_blocked, id=18576, stack(0x000000535fb00000,0x000000535fc00000) (1024K)]
  0x000001b950786210 JavaThread "Attach Listener"            daemon [_thread_blocked, id=22808, stack(0x000000535fc00000,0x000000535fd00000) (1024K)]
  0x000001b950787fd0 JavaThread "Service Thread"             daemon [_thread_blocked, id=6152, stack(0x000000535fd00000,0x000000535fe00000) (1024K)]
  0x000001b95078cbe0 JavaThread "Monitor Deflation Thread"   daemon [_thread_blocked, id=14280, stack(0x000000535fe00000,0x000000535ff00000) (1024K)]
=>0x000001b9507973e0 JavaThread "C2 CompilerThread0"         daemon [_thread_in_native, id=18544, stack(0x000000535ff00000,0x0000005360000000) (1024K)]
  0x000001b950799b40 JavaThread "C1 CompilerThread0"         daemon [_thread_in_vm, id=29116, stack(0x0000005360000000,0x0000005360100000) (1024K)]
  0x000001b95097b950 JavaThread "Common-Cleaner"             daemon [_thread_blocked, id=29568, stack(0x0000005360100000,0x0000005360200000) (1024K)]
  0x000001b950ab1560 JavaThread "Notification Thread"        daemon [_thread_blocked, id=13812, stack(0x0000005360300000,0x0000005360400000) (1024K)]
  0x000001b950b6c5d0 JavaThread "Active Thread: Equinox Container: 1c148f74-3d60-4afb-aa99-9b827d6c27af"        [_thread_blocked, id=4232, stack(0x0000005360b00000,0x0000005360c00000) (1024K)]
  0x000001b95590f3a0 JavaThread "Framework Event Dispatcher: Equinox Container: 1c148f74-3d60-4afb-aa99-9b827d6c27af" daemon [_thread_in_vm, id=14244, stack(0x0000005360c00000,0x0000005360d00000) (1024K)]
  0x000001b95590fa00 JavaThread "Start Level: Equinox Container: 1c148f74-3d60-4afb-aa99-9b827d6c27af" daemon [_thread_in_vm, id=29100, stack(0x0000005360d00000,0x0000005360e00000) (1024K)]
  0x000001b955869de0 JavaThread "SCR Component Actor"        daemon [_thread_blocked, id=28456, stack(0x0000005360f00000,0x0000005361000000) (1024K)]
  0x000001b9557b3a10 JavaThread "Worker-JM"                         [_thread_blocked, id=15888, stack(0x0000005360400000,0x0000005360500000) (1024K)]
  0x000001b955b27f20 JavaThread "Worker-0"                          [_thread_blocked, id=10604, stack(0x0000005361200000,0x0000005361300000) (1024K)]
  0x000001b955b28c70 JavaThread "Worker-1"                          [_thread_blocked, id=19904, stack(0x0000005361300000,0x0000005361400000) (1024K)]
Total: 18

Other Threads:
  0x000001b97e7a4590 VMThread "VM Thread"                           [id=26316, stack(0x000000535f800000,0x000000535f900000) (1024K)]
  0x000001b976d756d0 WatcherThread "VM Periodic Task Thread"        [id=28236, stack(0x000000535f700000,0x000000535f800000) (1024K)]
  0x000001b976d289b0 WorkerThread "GC Thread#0"                     [id=25816, stack(0x000000535f600000,0x000000535f700000) (1024K)]
  0x000001b95525cc10 WorkerThread "GC Thread#1"                     [id=28768, stack(0x0000005360500000,0x0000005360600000) (1024K)]
  0x000001b95525e3b0 WorkerThread "GC Thread#2"                     [id=20808, stack(0x0000005360600000,0x0000005360700000) (1024K)]
  0x000001b9557ed590 WorkerThread "GC Thread#3"                     [id=6900, stack(0x0000005360700000,0x0000005360800000) (1024K)]
  0x000001b9557ed930 WorkerThread "GC Thread#4"                     [id=19420, stack(0x0000005360800000,0x0000005360900000) (1024K)]
  0x000001b955834450 WorkerThread "GC Thread#5"                     [id=28332, stack(0x0000005360900000,0x0000005360a00000) (1024K)]
  0x000001b9558347f0 WorkerThread "GC Thread#6"                     [id=6280, stack(0x0000005360a00000,0x0000005360b00000) (1024K)]
  0x000001b95590ead0 WorkerThread "GC Thread#7"                     [id=24772, stack(0x0000005360e00000,0x0000005360f00000) (1024K)]
  0x000001b955a9ad30 WorkerThread "GC Thread#8"                     [id=20756, stack(0x0000005361000000,0x0000005361100000) (1024K)]
  0x000001b955a99770 WorkerThread "GC Thread#9"                     [id=7528, stack(0x0000005361100000,0x0000005361200000) (1024K)]
Total: 12

Threads with active compile tasks:
C2 CompilerThread0  2558 2590       4       java.util.regex.Matcher::search (154 bytes)
C1 CompilerThread0  2558 2651       3       sun.util.locale.InternalLocaleBuilder::setExtensions (202 bytes)
Total: 2

VM state: not at safepoint (normal execution)

VM Mutex/Monitor currently owned by a thread:  ([mutex/lock_event])
[0x00007ffa9932b4f0] Metaspace_lock - owner thread: 0x000001b95590fa00

OutOfMemory and StackOverflow Exception counts:
OutOfMemoryError java_heap_errors=1
LinkageErrors=53

Heap address: 0x0000000080000000, size: 2048 MB, Compressed Oops mode: 32-bit

CDS archive(s) mapped at: [0x000001b90f000000-0x000001b90fba0000-0x000001b90fba0000), size 12189696, SharedBaseAddress: 0x000001b90f000000, ArchiveRelocationMode: 1.
Compressed class space mapped at: 0x000001b910000000-0x000001b950000000, reserved size: 1073741824
Narrow klass base: 0x000001b90f000000, Narrow klass shift: 0, Narrow klass range: 0x100000000

GC Precious Log:
 CardTable entry size: 512
 CPUs: 12 total, 12 available
 Memory: 15710M
 Large Page Support: Disabled
 NUMA Support: Disabled
 Compressed Oops: Enabled (32-bit)
 Alignments: Space 512K, Generation 512K, Heap 2M
 Heap Min Capacity: 100M
 Heap Initial Capacity: 100M
 Heap Max Capacity: 2G
 Pre-touch: Disabled
 Parallel Workers: 10

Heap:
 PSYoungGen      total 29696K, used 27442K [0x00000000d5580000, 0x00000000d7680000, 0x0000000100000000)
  eden space 25600K, 91% used [0x00000000d5580000,0x00000000d6c50b90,0x00000000d6e80000)
  from space 4096K, 99% used [0x00000000d7280000,0x00000000d767bd38,0x00000000d7680000)
  to   space 4096K, 0% used [0x00000000d6e80000,0x00000000d6e80000,0x00000000d7280000)
 ParOldGen       total 68608K, used 5292K [0x0000000080000000, 0x0000000084300000, 0x00000000d5580000)
  object space 68608K, 7% used [0x0000000080000000,0x000000008052b010,0x0000000084300000)
 Metaspace       used 19681K, committed 20288K, reserved 1114112K
  class space    used 1933K, committed 2240K, reserved 1048576K

Card table byte_map: [0x000001b9766b0000,0x000001b976ac0000] _byte_map_base: 0x000001b9762b0000

Marking Bits: (ParMarkBitMap*) 0x00007ffa99332460
 Begin Bits: [0x000001b97a1c0000, 0x000001b97c1c0000)
 End Bits:   [0x000001b97c1c0000, 0x000001b97e1c0000)

Polling page: 0x000001b974a60000

Metaspace:

Usage:
  Non-class:     17.33 MB used.
      Class:      1.89 MB used.
       Both:     19.22 MB used.

Virtual space:
  Non-class space:       64.00 MB reserved,      17.62 MB ( 28%) committed,  1 nodes.
      Class space:        1.00 GB reserved,       2.19 MB ( <1%) committed,  1 nodes.
             Both:        1.06 GB reserved,      19.81 MB (  2%) committed. 

Chunk freelists:
   Non-Class:  13.61 MB
       Class:  13.67 MB
        Both:  27.28 MB

MaxMetaspaceSize: unlimited
CompressedClassSpaceSize: 1.00 GB
Initial GC threshold: 21.00 MB
Current GC threshold: 21.00 MB
CDS: on
 - commit_granule_bytes: 65536.
 - commit_granule_words: 8192.
 - virtual_space_node_default_size: 8388608.
 - enlarge_chunks_in_place: 1.
 - use_allocation_guard: 0.


Internal statistics:

num_allocs_failed_limit: 0.
num_arena_births: 460.
num_arena_deaths: 0.
num_vsnodes_births: 2.
num_vsnodes_deaths: 0.
num_space_committed: 317.
num_space_uncommitted: 0.
num_chunks_returned_to_freelist: 0.
num_chunks_taken_from_freelist: 1172.
num_chunk_merges: 0.
num_chunk_splits: 758.
num_chunks_enlarged: 506.
num_inconsistent_stats: 0.

CodeHeap 'non-profiled nmethods': size=120000Kb used=1134Kb max_used=1134Kb free=118865Kb
 bounds [0x000001b907ad0000, 0x000001b907d40000, 0x000001b90f000000]
CodeHeap 'profiled nmethods': size=120000Kb used=5097Kb max_used=5097Kb free=114902Kb
 bounds [0x000001b900000000, 0x000001b900500000, 0x000001b907530000]
CodeHeap 'non-nmethods': size=5760Kb used=1306Kb max_used=1316Kb free=4453Kb
 bounds [0x000001b907530000, 0x000001b9077a0000, 0x000001b907ad0000]
CodeCache: size=245760Kb, used=7537Kb, max_used=7547Kb, free=238220Kb
 total_blobs=3228, nmethods=2641, adapters=493, full_count=0
Compilation: enabled, stopped_count=0, restarted_count=0

Compilation events (20 events):
Event: 2.510 Thread 0x000001b950799b40 2579       3       java.util.regex.Pattern$BranchConn::match (11 bytes)
Event: 2.510 Thread 0x000001b950799b40 nmethod 2579 0x000001b9004d8810 code [0x000001b9004d89c0, 0x000001b9004d8b98]
Event: 2.514 Thread 0x000001b9507973e0 2584       4       java.util.concurrent.locks.ReentrantLock$NonfairSync::initialTryLock (58 bytes)
Event: 2.515 Thread 0x000001b9507973e0 nmethod 2584 0x000001b907be8390 code [0x000001b907be8520, 0x000001b907be8628]
Event: 2.524 Thread 0x000001b9507973e0 2585   !   4       java.util.WeakHashMap::expungeStaleEntries (139 bytes)
Event: 2.528 Thread 0x000001b9507973e0 nmethod 2585 0x000001b907be8710 code [0x000001b907be8900, 0x000001b907be8cb0]
Event: 2.532 Thread 0x000001b950799b40 2589       3       org.eclipse.core.internal.registry.ConfigurationElementHandle::getConfigurationElement (18 bytes)
Event: 2.532 Thread 0x000001b950799b40 nmethod 2589 0x000001b9004d8c90 code [0x000001b9004d8e60, 0x000001b9004d92d0]
Event: 2.534 Thread 0x000001b9507973e0 2590       4       java.util.regex.Matcher::search (154 bytes)
Event: 2.537 Thread 0x000001b950799b40 2592       1       sun.util.locale.StringTokenIterator::isDone (5 bytes)
Event: 2.537 Thread 0x000001b950799b40 nmethod 2592 0x000001b907be9a10 code [0x000001b907be9ba0, 0x000001b907be9c70]
Event: 2.537 Thread 0x000001b950799b40 2593       3       sun.util.locale.LocaleUtils::toLower (17 bytes)
Event: 2.538 Thread 0x000001b950799b40 nmethod 2593 0x000001b9004d9490 code [0x000001b9004d9640, 0x000001b9004d9858]
Event: 2.538 Thread 0x000001b950799b40 2595       3       java.lang.ref.SoftReference::<init> (14 bytes)
Event: 2.538 Thread 0x000001b950799b40 nmethod 2595 0x000001b9004d9910 code [0x000001b9004d9ac0, 0x000001b9004d9d20]
Event: 2.538 Thread 0x000001b950799b40 2597       1       sun.util.locale.BaseLocale::getVariant (5 bytes)
Event: 2.538 Thread 0x000001b950799b40 nmethod 2597 0x000001b907be9d10 code [0x000001b907be9ea0, 0x000001b907be9f68]
Event: 2.538 Thread 0x000001b950799b40 2596       1       sun.util.locale.BaseLocale::getRegion (5 bytes)
Event: 2.538 Thread 0x000001b950799b40 nmethod 2596 0x000001b907bea010 code [0x000001b907bea1a0, 0x000001b907bea268]
Event: 2.538 Thread 0x000001b950799b40 2598       1       sun.util.locale.BaseLocale::getScript (5 bytes)

GC Heap History (8 events):
Event: 0.995 GC heap before
{Heap before GC invocations=1 (full 0):
 PSYoungGen      total 29696K, used 25600K [0x00000000d5580000, 0x00000000d7680000, 0x0000000100000000)
  eden space 25600K, 100% used [0x00000000d5580000,0x00000000d6e80000,0x00000000d6e80000)
  from space 4096K, 0% used [0x00000000d7280000,0x00000000d7280000,0x00000000d7680000)
  to   space 4096K, 0% used [0x00000000d6e80000,0x00000000d6e80000,0x00000000d7280000)
 ParOldGen       total 68608K, used 0K [0x0000000080000000, 0x0000000084300000, 0x00000000d5580000)
  object space 68608K, 0% used [0x0000000080000000,0x0000000080000000,0x0000000084300000)
 Metaspace       used 4351K, committed 4608K, reserved 1114112K
  class space    used 473K, committed 576K, reserved 1048576K
}
Event: 1.005 GC heap after
{Heap after GC invocations=1 (full 0):
 PSYoungGen      total 29696K, used 3271K [0x00000000d5580000, 0x00000000d7680000, 0x0000000100000000)
  eden space 25600K, 0% used [0x00000000d5580000,0x00000000d5580000,0x00000000d6e80000)
  from space 4096K, 79% used [0x00000000d6e80000,0x00000000d71b1e98,0x00000000d7280000)
  to   space 4096K, 0% used [0x00000000d7280000,0x00000000d7280000,0x00000000d7680000)
 ParOldGen       total 68608K, used 16K [0x0000000080000000, 0x0000000084300000, 0x00000000d5580000)
  object space 68608K, 0% used [0x0000000080000000,0x0000000080004000,0x0000000084300000)
 Metaspace       used 4351K, committed 4608K, reserved 1114112K
  class space    used 473K, committed 576K, reserved 1048576K
}
Event: 1.508 GC heap before
{Heap before GC invocations=2 (full 0):
 PSYoungGen      total 29696K, used 28871K [0x00000000d5580000, 0x00000000d7680000, 0x0000000100000000)
  eden space 25600K, 100% used [0x00000000d5580000,0x00000000d6e80000,0x00000000d6e80000)
  from space 4096K, 79% used [0x00000000d6e80000,0x00000000d71b1e98,0x00000000d7280000)
  to   space 4096K, 0% used [0x00000000d7280000,0x00000000d7280000,0x00000000d7680000)
 ParOldGen       total 68608K, used 16K [0x0000000080000000, 0x0000000084300000, 0x00000000d5580000)
  object space 68608K, 0% used [0x0000000080000000,0x0000000080004000,0x0000000084300000)
 Metaspace       used 8133K, committed 8448K, reserved 1114112K
  class space    used 867K, committed 1024K, reserved 1048576K
}
Event: 1.513 GC heap after
{Heap after GC invocations=2 (full 0):
 PSYoungGen      total 29696K, used 4075K [0x00000000d5580000, 0x00000000d7680000, 0x0000000100000000)
  eden space 25600K, 0% used [0x00000000d5580000,0x00000000d5580000,0x00000000d6e80000)
  from space 4096K, 99% used [0x00000000d7280000,0x00000000d767aff8,0x00000000d7680000)
  to   space 4096K, 0% used [0x00000000d6e80000,0x00000000d6e80000,0x00000000d7280000)
 ParOldGen       total 68608K, used 1135K [0x0000000080000000, 0x0000000084300000, 0x00000000d5580000)
  object space 68608K, 1% used [0x0000000080000000,0x000000008011beb8,0x0000000084300000)
 Metaspace       used 8133K, committed 8448K, reserved 1114112K
  class space    used 867K, committed 1024K, reserved 1048576K
}
Event: 1.942 GC heap before
{Heap before GC invocations=3 (full 0):
 PSYoungGen      total 29696K, used 29675K [0x00000000d5580000, 0x00000000d7680000, 0x0000000100000000)
  eden space 25600K, 100% used [0x00000000d5580000,0x00000000d6e80000,0x00000000d6e80000)
  from space 4096K, 99% used [0x00000000d7280000,0x00000000d767aff8,0x00000000d7680000)
  to   space 4096K, 0% used [0x00000000d6e80000,0x00000000d6e80000,0x00000000d7280000)
 ParOldGen       total 68608K, used 1135K [0x0000000080000000, 0x0000000084300000, 0x00000000d5580000)
  object space 68608K, 1% used [0x0000000080000000,0x000000008011beb8,0x0000000084300000)
 Metaspace       used 12946K, committed 13440K, reserved 1114112K
  class space    used 1378K, committed 1600K, reserved 1048576K
}
Event: 1.945 GC heap after
{Heap after GC invocations=3 (full 0):
 PSYoungGen      total 29696K, used 4080K [0x00000000d5580000, 0x00000000d7680000, 0x0000000100000000)
  eden space 25600K, 0% used [0x00000000d5580000,0x00000000d5580000,0x00000000d6e80000)
  from space 4096K, 99% used [0x00000000d6e80000,0x00000000d727c040,0x00000000d7280000)
  to   space 4096K, 0% used [0x00000000d7280000,0x00000000d7280000,0x00000000d7680000)
 ParOldGen       total 68608K, used 2909K [0x0000000080000000, 0x0000000084300000, 0x00000000d5580000)
  object space 68608K, 4% used [0x0000000080000000,0x00000000802d77b0,0x0000000084300000)
 Metaspace       used 12946K, committed 13440K, reserved 1114112K
  class space    used 1378K, committed 1600K, reserved 1048576K
}
Event: 2.275 GC heap before
{Heap before GC invocations=4 (full 0):
 PSYoungGen      total 29696K, used 29680K [0x00000000d5580000, 0x00000000d7680000, 0x0000000100000000)
  eden space 25600K, 100% used [0x00000000d5580000,0x00000000d6e80000,0x00000000d6e80000)
  from space 4096K, 99% used [0x00000000d6e80000,0x00000000d727c040,0x00000000d7280000)
  to   space 4096K, 0% used [0x00000000d7280000,0x00000000d7280000,0x00000000d7680000)
 ParOldGen       total 68608K, used 2909K [0x0000000080000000, 0x0000000084300000, 0x00000000d5580000)
  object space 68608K, 4% used [0x0000000080000000,0x00000000802d77b0,0x0000000084300000)
 Metaspace       used 16071K, committed 16704K, reserved 1114112K
  class space    used 1680K, committed 1984K, reserved 1048576K
}
Event: 2.278 GC heap after
{Heap after GC invocations=4 (full 0):
 PSYoungGen      total 29696K, used 4079K [0x00000000d5580000, 0x00000000d7680000, 0x0000000100000000)
  eden space 25600K, 0% used [0x00000000d5580000,0x00000000d5580000,0x00000000d6e80000)
  from space 4096K, 99% used [0x00000000d7280000,0x00000000d767bd38,0x00000000d7680000)
  to   space 4096K, 0% used [0x00000000d6e80000,0x00000000d6e80000,0x00000000d7280000)
 ParOldGen       total 68608K, used 5292K [0x0000000080000000, 0x0000000084300000, 0x00000000d5580000)
  object space 68608K, 7% used [0x0000000080000000,0x000000008052b010,0x0000000084300000)
 Metaspace       used 16071K, committed 16704K, reserved 1114112K
  class space    used 1680K, committed 1984K, reserved 1048576K
}

Dll operation events (11 events):
Event: 0.043 Loaded shared library c:\Users\abhin\.vscode\extensions\redhat.java-1.52.0-win32-x64\jre\21.0.9-win32-x86_64\bin\java.dll
Event: 0.192 Loaded shared library c:\Users\abhin\.vscode\extensions\redhat.java-1.52.0-win32-x64\jre\21.0.9-win32-x86_64\bin\zip.dll
Event: 0.218 Loaded shared library C:\Users\abhin\.vscode\extensions\redhat.java-1.52.0-win32-x64\jre\21.0.9-win32-x86_64\bin\instrument.dll
Event: 0.224 Loaded shared library C:\Users\abhin\.vscode\extensions\redhat.java-1.52.0-win32-x64\jre\21.0.9-win32-x86_64\bin\net.dll
Event: 0.228 Loaded shared library C:\Users\abhin\.vscode\extensions\redhat.java-1.52.0-win32-x64\jre\21.0.9-win32-x86_64\bin\nio.dll
Event: 0.232 Loaded shared library C:\Users\abhin\.vscode\extensions\redhat.java-1.52.0-win32-x64\jre\21.0.9-win32-x86_64\bin\zip.dll
Event: 0.268 Loaded shared library C:\Users\abhin\.vscode\extensions\redhat.java-1.52.0-win32-x64\jre\21.0.9-win32-x86_64\bin\jimage.dll
Event: 0.362 Loaded shared library c:\Users\abhin\.vscode\extensions\redhat.java-1.52.0-win32-x64\jre\21.0.9-win32-x86_64\bin\verify.dll
Event: 1.493 Loaded shared library C:\Users\abhin\AppData\Roaming\Code\User\globalStorage\redhat.java\1.52.0\config_ss_win\org.eclipse.equinox.launcher\org.eclipse.equinox.launcher.win32.win32.x86_64_1.2.1500.v20260121-1430\eclipse_11919.dll
Event: 1.990 Loaded shared library C:\Users\abhin\.vscode\extensions\redhat.java-1.52.0-win32-x64\jre\21.0.9-win32-x86_64\bin\management.dll
Event: 1.994 Loaded shared library C:\Users\abhin\.vscode\extensions\redhat.java-1.52.0-win32-x64\jre\21.0.9-win32-x86_64\bin\management_ext.dll

Deoptimization events (20 events):
Event: 2.201 Thread 0x000001b95590fa00 DEOPT PACKING pc=0x000001b907bc58d8 sp=0x0000005360def860
Event: 2.201 Thread 0x000001b95590fa00 DEOPT UNPACKING pc=0x000001b907583aa2 sp=0x0000005360def840 mode 2
Event: 2.201 Thread 0x000001b95590fa00 Uncommon trap: trap_request=0xffffffde fr.pc=0x000001b907bc6794 relative=0x00000000000003b4
Event: 2.201 Thread 0x000001b95590fa00 Uncommon trap: reason=class_check action=maybe_recompile pc=0x000001b907bc6794 method=java.util.regex.Pattern$BmpCharPropertyGreedy.match(Ljava/util/regex/Matcher;ILjava/lang/CharSequence;)Z @ 70 c2
Event: 2.201 Thread 0x000001b95590fa00 DEOPT PACKING pc=0x000001b907bc6794 sp=0x0000005360def4d0
Event: 2.201 Thread 0x000001b95590fa00 DEOPT UNPACKING pc=0x000001b907583aa2 sp=0x0000005360def478 mode 2
Event: 2.201 Thread 0x000001b95590fa00 Uncommon trap: trap_request=0xffffffde fr.pc=0x000001b907bc6794 relative=0x00000000000003b4
Event: 2.201 Thread 0x000001b95590fa00 Uncommon trap: reason=class_check action=maybe_recompile pc=0x000001b907bc6794 method=java.util.regex.Pattern$BmpCharPropertyGreedy.match(Ljava/util/regex/Matcher;ILjava/lang/CharSequence;)Z @ 70 c2
Event: 2.201 Thread 0x000001b95590fa00 DEOPT PACKING pc=0x000001b907bc6794 sp=0x0000005360def320
Event: 2.201 Thread 0x000001b95590fa00 DEOPT UNPACKING pc=0x000001b907583aa2 sp=0x0000005360def2c8 mode 2
Event: 2.247 Thread 0x000001b95590fa00 DEOPT PACKING pc=0x000001b9003d4e35 sp=0x0000005360df4d90
Event: 2.247 Thread 0x000001b95590fa00 DEOPT UNPACKING pc=0x000001b907584242 sp=0x0000005360df42a0 mode 0
Event: 2.254 Thread 0x000001b95590fa00 Uncommon trap: trap_request=0xffffff45 fr.pc=0x000001b907bdaa9c relative=0x000000000000079c
Event: 2.254 Thread 0x000001b95590fa00 Uncommon trap: reason=unstable_if action=reinterpret pc=0x000001b907bdaa9c method=org.lombokweb.asm.ClassReader.readUTF8(I[C)Ljava/lang/String; @ 11 c2
Event: 2.254 Thread 0x000001b95590fa00 DEOPT PACKING pc=0x000001b907bdaa9c sp=0x0000005360def530
Event: 2.254 Thread 0x000001b95590fa00 DEOPT UNPACKING pc=0x000001b907583aa2 sp=0x0000005360def518 mode 2
Event: 2.507 Thread 0x000001b95590fa00 Uncommon trap: trap_request=0xffffff45 fr.pc=0x000001b907be6da4 relative=0x0000000000000364
Event: 2.507 Thread 0x000001b95590fa00 Uncommon trap: reason=unstable_if action=reinterpret pc=0x000001b907be6da4 method=org.lombokweb.asm.Label.resolve([BLorg/lombokweb/asm/ByteVector;I)Z @ 81 c2
Event: 2.507 Thread 0x000001b95590fa00 DEOPT PACKING pc=0x000001b907be6da4 sp=0x0000005360deeae0
Event: 2.507 Thread 0x000001b95590fa00 DEOPT UNPACKING pc=0x000001b907583aa2 sp=0x0000005360dee9e8 mode 2

Classes loaded (20 events):
Event: 2.221 Loading class java/net/SocketTimeoutException
Event: 2.221 Loading class java/io/InterruptedIOException
Event: 2.221 Loading class java/io/InterruptedIOException done
Event: 2.221 Loading class java/net/SocketTimeoutException done
Event: 2.221 Loading class java/net/SocketException
Event: 2.222 Loading class java/net/SocketException done
Event: 2.222 Loading class java/net/UnknownHostException
Event: 2.222 Loading class java/net/UnknownHostException done
Event: 2.222 Loading class java/net/ProtocolException
Event: 2.222 Loading class java/net/ProtocolException done
Event: 2.239 Loading class java/lang/ThreadLocal$SuppliedThreadLocal
Event: 2.239 Loading class java/lang/ThreadLocal$SuppliedThreadLocal done
Event: 2.247 Loading class java/io/FileWriter
Event: 2.247 Loading class java/io/FileWriter done
Event: 2.247 Loading class java/lang/NegativeArraySizeException
Event: 2.247 Loading class java/lang/NegativeArraySizeException done
Event: 2.529 Loading class java/lang/StackTraceElement$HashedModules
Event: 2.529 Loading class java/lang/StackTraceElement$HashedModules done
Event: 2.531 Loading class sun/nio/cs/UTF_8$Encoder
Event: 2.531 Loading class sun/nio/cs/UTF_8$Encoder done

Classes unloaded (0 events):
No events

Classes redefined (0 events):
No events

Internal exceptions (20 events):
Event: 2.107 Thread 0x000001b95590fa00 Exception <a 'java/lang/NoSuchMethodError'{0x00000000d5e640a8}: 'java.lang.Object java.lang.invoke.DirectMethodHandle$Holder.invokeSpecial(java.lang.Object, java.lang.Object, java.lang.Object, java.lang.Object, long)'> (0x00000000d5e640a8) 
thrown [s\src\hotspot\share\interpreter\linkResolver.cpp, line 773]
Event: 2.107 Thread 0x000001b95590fa00 Exception <a 'java/lang/NoSuchMethodError'{0x00000000d5e67cc8}: 'java.lang.Object java.lang.invoke.Invokers$Holder.linkToTargetMethod(java.lang.Object, java.lang.Object, long, java.lang.Object)'> (0x00000000d5e67cc8) 
thrown [s\src\hotspot\share\interpreter\linkResolver.cpp, line 773]
Event: 2.125 Thread 0x000001b95590fa00 Exception <a 'java/lang/IncompatibleClassChangeError'{0x00000000d5f6d5a0}: Found class java.lang.Object, but interface was expected> (0x00000000d5f6d5a0) 
thrown [s\src\hotspot\share\interpreter\linkResolver.cpp, line 840]
Event: 2.126 Thread 0x000001b95590fa00 Exception <a 'java/lang/NoSuchMethodError'{0x00000000d5f711c8}: 'java.lang.Object java.lang.invoke.DirectMethodHandle$Holder.invokeSpecial(java.lang.Object, java.lang.Object, java.lang.Object, int, java.lang.Object, java.lang.Object)'> (0x00000000d5f711c8) 
thrown [s\src\hotspot\share\interpreter\linkResolver.cpp, line 773]
Event: 2.127 Thread 0x000001b95590fa00 Exception <a 'java/lang/NoSuchMethodError'{0x00000000d5f78ca0}: 'java.lang.Object java.lang.invoke.DirectMethodHandle$Holder.newInvokeSpecial(java.lang.Object, java.lang.Object, java.lang.Object, int, java.lang.Object)'> (0x00000000d5f78ca0) 
thrown [s\src\hotspot\share\interpreter\linkResolver.cpp, line 773]
Event: 2.127 Thread 0x000001b95590fa00 Exception <a 'java/lang/NoSuchMethodError'{0x00000000d5f7cc20}: 'java.lang.Object java.lang.invoke.DirectMethodHandle$Holder.invokeSpecial(java.lang.Object, java.lang.Object, java.lang.Object, java.lang.Object, int, java.lang.Object)'> (0x00000000d5f7cc20) 
thrown [s\src\hotspot\share\interpreter\linkResolver.cpp, line 773]
Event: 2.127 Thread 0x000001b95590fa00 Exception <a 'java/lang/NoSuchMethodError'{0x00000000d5f80760}: 'java.lang.Object java.lang.invoke.Invokers$Holder.linkToTargetMethod(java.lang.Object, java.lang.Object, int, java.lang.Object, java.lang.Object)'> (0x00000000d5f80760) 
thrown [s\src\hotspot\share\interpreter\linkResolver.cpp, line 773]
Event: 2.128 Thread 0x000001b955b27f20 Exception <a 'java/lang/NoSuchMethodError'{0x00000000d5ea4838}: 'java.lang.Object java.lang.invoke.DirectMethodHandle$Holder.invokeSpecial(java.lang.Object, java.lang.Object, int, java.lang.Object, java.lang.Object)'> (0x00000000d5ea4838) 
thrown [s\src\hotspot\share\interpreter\linkResolver.cpp, line 773]
Event: 2.128 Thread 0x000001b955b27f20 Exception <a 'java/lang/NoSuchMethodError'{0x00000000d5eab570}: 'java.lang.Object java.lang.invoke.DirectMethodHandle$Holder.newInvokeSpecial(java.lang.Object, java.lang.Object, int, java.lang.Object)'> (0x00000000d5eab570) 
thrown [s\src\hotspot\share\interpreter\linkResolver.cpp, line 773]
Event: 2.129 Thread 0x000001b955b27f20 Exception <a 'java/lang/NoSuchMethodError'{0x00000000d5eaee50}: 'java.lang.Object java.lang.invoke.DirectMethodHandle$Holder.invokeSpecial(java.lang.Object, java.lang.Object, java.lang.Object, int, java.lang.Object)'> (0x00000000d5eaee50) 
thrown [s\src\hotspot\share\interpreter\linkResolver.cpp, line 773]
Event: 2.148 Thread 0x000001b95590fa00 Exception <a 'java/lang/NoSuchMethodError'{0x00000000d60cbef0}: 'void java.lang.invoke.DirectMethodHandle$Holder.invokeSpecial(java.lang.Object, java.lang.Object, java.lang.Object, java.lang.Object, java.lang.Object)'> (0x00000000d60cbef0) 
thrown [s\src\hotspot\share\interpreter\linkResolver.cpp, line 773]
Event: 2.182 Thread 0x000001b95590fa00 Exception <a 'java/lang/NoSuchMethodError'{0x00000000d62ba6f8}: 'double java.lang.invoke.DirectMethodHandle$Holder.invokeStatic(java.lang.Object, java.lang.Object)'> (0x00000000d62ba6f8) 
thrown [s\src\hotspot\share\interpreter\linkResolver.cpp, line 773]
Event: 2.182 Thread 0x000001b95590fa00 Exception <a 'java/lang/NoSuchMethodError'{0x00000000d62bddb8}: 'double java.lang.invoke.DirectMethodHandle$Holder.invokeStaticInit(java.lang.Object, java.lang.Object)'> (0x00000000d62bddb8) 
thrown [s\src\hotspot\share\interpreter\linkResolver.cpp, line 773]
Event: 2.295 Thread 0x000001b95590fa00 Exception <a 'java/io/FileNotFoundException'{0x00000000d59a1548}> (0x00000000d59a1548) 
thrown [s\src\hotspot\share\prims\jni.cpp, line 520]
Event: 2.295 Thread 0x000001b95590fa00 Exception <a 'java/io/FileNotFoundException'{0x00000000d59a2378}> (0x00000000d59a2378) 
thrown [s\src\hotspot\share\prims\jni.cpp, line 520]
Event: 2.295 Thread 0x000001b95590fa00 Exception <a 'java/io/FileNotFoundException'{0x00000000d59a32a8}> (0x00000000d59a32a8) 
thrown [s\src\hotspot\share\prims\jni.cpp, line 520]
Event: 2.446 Thread 0x000001b95590fa00 Exception <a 'java/lang/NoSuchMethodError'{0x00000000d63064d0}: 'int java.lang.invoke.DirectMethodHandle$Holder.invokeStaticInit(java.lang.Object, java.lang.Object, java.lang.Object)'> (0x00000000d63064d0) 
thrown [s\src\hotspot\share\interpreter\linkResolver.cpp, line 773]
Event: 2.529 Thread 0x000001b95590fa00 Exception <a 'java/lang/OutOfMemoryError'{0x00000000d6861a10}> (0x00000000d6861a10) 
thrown [s\src\hotspot\share\prims\jni.cpp, line 539]
Event: 2.531 Thread 0x000001b95590fa00 Exception <a 'java/io/FileNotFoundException'{0x00000000d6887150}> (0x00000000d6887150) 
thrown [s\src\hotspot\share\prims\jni.cpp, line 520]
Event: 2.531 Thread 0x000001b95590fa00 Exception <a 'java/lang/NoSuchMethodError'{0x00000000d688e9c8}: 'java.lang.Object java.lang.invoke.DirectMethodHandle$Holder.newInvokeSpecial(java.lang.Object, int, java.lang.Object, java.lang.Object)'> (0x00000000d688e9c8) 
thrown [s\src\hotspot\share\interpreter\linkResolver.cpp, line 773]

ZGC Phase Switch (0 events):
No events

VM Operations (20 events):
Event: 1.378 Executing VM operation: HandshakeAllThreads (Deoptimize)
Event: 1.378 Executing VM operation: HandshakeAllThreads (Deoptimize) done
Event: 1.403 Executing VM operation: ICBufferFull
Event: 1.403 Executing VM operation: ICBufferFull done
Event: 1.508 Executing VM operation: ParallelGCFailedAllocation (Allocation Failure)
Event: 1.513 Executing VM operation: ParallelGCFailedAllocation (Allocation Failure) done
Event: 1.618 Executing VM operation: HandshakeAllThreads (Deoptimize)
Event: 1.618 Executing VM operation: HandshakeAllThreads (Deoptimize) done
Event: 1.835 Executing VM operation: HandshakeAllThreads (Deoptimize)
Event: 1.835 Executing VM operation: HandshakeAllThreads (Deoptimize) done
Event: 1.942 Executing VM operation: ParallelGCFailedAllocation (Allocation Failure)
Event: 1.945 Executing VM operation: ParallelGCFailedAllocation (Allocation Failure) done
Event: 2.025 Executing VM operation: HandshakeAllThreads (Deoptimize)
Event: 2.025 Executing VM operation: HandshakeAllThreads (Deoptimize) done
Event: 2.028 Executing VM operation: HandshakeAllThreads (Deoptimize)
Event: 2.028 Executing VM operation: HandshakeAllThreads (Deoptimize) done
Event: 2.044 Executing VM operation: HandshakeAllThreads (Deoptimize)
Event: 2.044 Executing VM operation: HandshakeAllThreads (Deoptimize) done
Event: 2.275 Executing VM operation: ParallelGCFailedAllocation (Allocation Failure)
Event: 2.278 Executing VM operation: ParallelGCFailedAllocation (Allocation Failure) done

Memory protections (0 events):
No events

Nmethod flushes (0 events):
No events

Events (20 events):
Event: 0.152 Thread 0x000001b976d0a100 Thread added: 0x000001b950786210
Event: 0.152 Thread 0x000001b976d0a100 Thread added: 0x000001b950787fd0
Event: 0.152 Thread 0x000001b976d0a100 Thread added: 0x000001b95078cbe0
Event: 0.153 Thread 0x000001b976d0a100 Thread added: 0x000001b9507973e0
Event: 0.153 Thread 0x000001b976d0a100 Thread added: 0x000001b950799b40
Event: 0.220 Thread 0x000001b976d0a100 Thread added: 0x000001b95097b950
Event: 0.357 Thread 0x000001b9507973e0 Thread added: 0x000001b950a128f0
Event: 0.470 Thread 0x000001b976d0a100 Thread added: 0x000001b950ab1560
Event: 0.624 Thread 0x000001b950799b40 Thread added: 0x000001b950b23100
Event: 1.076 Thread 0x000001b950b23100 Thread exited: 0x000001b950b23100
Event: 1.139 Thread 0x000001b950a128f0 Thread added: 0x000001b9553020b0
Event: 1.328 Thread 0x000001b976d0a100 Thread added: 0x000001b950b6c5d0
Event: 1.482 Thread 0x000001b976d0a100 Thread added: 0x000001b95590f3a0
Event: 1.485 Thread 0x000001b976d0a100 Thread added: 0x000001b95590fa00
Event: 1.608 Thread 0x000001b95590fa00 Thread added: 0x000001b955869de0
Event: 1.649 Thread 0x000001b9553020b0 Thread exited: 0x000001b9553020b0
Event: 1.864 Thread 0x000001b95590fa00 Thread added: 0x000001b9557b3a10
Event: 2.109 Thread 0x000001b95590fa00 Thread added: 0x000001b955b27f20
Event: 2.128 Thread 0x000001b95590fa00 Thread added: 0x000001b955b28c70
Event: 2.387 Thread 0x000001b950a128f0 Thread exited: 0x000001b950a128f0


Dynamic libraries:
0x00007ff6514d0000 - 0x00007ff6514de000 	c:\Users\abhin\.vscode\extensions\redhat.java-1.52.0-win32-x64\jre\21.0.9-win32-x86_64\bin\java.exe
0x00007ffbbd290000 - 0x00007ffbbd4a7000 	C:\windows\SYSTEM32\ntdll.dll
0x00007ffbbc900000 - 0x00007ffbbc9c4000 	C:\windows\System32\KERNEL32.DLL
0x00007ffbba4f0000 - 0x00007ffbba8c2000 	C:\windows\System32\KERNELBASE.dll
0x00007ffbbaa40000 - 0x00007ffbbab51000 	C:\windows\System32\ucrtbase.dll
0x00007ffb59090000 - 0x00007ffb590a8000 	c:\Users\abhin\.vscode\extensions\redhat.java-1.52.0-win32-x64\jre\21.0.9-win32-x86_64\bin\jli.dll
0x00007ffb58f50000 - 0x00007ffb58f6e000 	c:\Users\abhin\.vscode\extensions\redhat.java-1.52.0-win32-x64\jre\21.0.9-win32-x86_64\bin\VCRUNTIME140.dll
0x00007ffbbb550000 - 0x00007ffbbb701000 	C:\windows\System32\USER32.dll
0x00007ffbb9820000 - 0x00007ffbb9abb000 	C:\windows\WinSxS\amd64_microsoft.windows.common-controls_6595b64144ccf1df_6.0.22621.5547_none_27104afb73855772\COMCTL32.dll
0x00007ffbbaef0000 - 0x00007ffbbaf16000 	C:\windows\System32\win32u.dll
0x00007ffbbc360000 - 0x00007ffbbc407000 	C:\windows\System32\msvcrt.dll
0x00007ffbbb150000 - 0x00007ffbbb179000 	C:\windows\System32\GDI32.dll
0x00007ffbbadc0000 - 0x00007ffbbaee3000 	C:\windows\System32\gdi32full.dll
0x00007ffbbab60000 - 0x00007ffbbabfa000 	C:\windows\System32\msvcp_win.dll
0x00007ffbbb4a0000 - 0x00007ffbbb4d1000 	C:\windows\System32\IMM32.DLL
0x00007ffb9acc0000 - 0x00007ffb9accc000 	c:\Users\abhin\.vscode\extensions\redhat.java-1.52.0-win32-x64\jre\21.0.9-win32-x86_64\bin\vcruntime140_1.dll
0x00007ffb4a660000 - 0x00007ffb4a6ed000 	c:\Users\abhin\.vscode\extensions\redhat.java-1.52.0-win32-x64\jre\21.0.9-win32-x86_64\bin\msvcp140.dll
0x00007ffa98670000 - 0x00007ffa99410000 	c:\Users\abhin\.vscode\extensions\redhat.java-1.52.0-win32-x64\jre\21.0.9-win32-x86_64\bin\server\jvm.dll
0x00007ffbbb3d0000 - 0x00007ffbbb481000 	C:\windows\System32\ADVAPI32.dll
0x00007ffbbc9f0000 - 0x00007ffbbca98000 	C:\windows\System32\sechost.dll
0x00007ffbba380000 - 0x00007ffbba3a8000 	C:\windows\System32\bcrypt.dll
0x00007ffbbaf20000 - 0x00007ffbbb034000 	C:\windows\System32\RPCRT4.dll
0x00007ffbbc5f0000 - 0x00007ffbbc661000 	C:\windows\System32\WS2_32.dll
0x00007ffbba250000 - 0x00007ffbba29d000 	C:\windows\SYSTEM32\POWRPROF.dll
0x00007ffbb3b90000 - 0x00007ffbb3bc4000 	C:\windows\SYSTEM32\WINMM.dll
0x00007ffbaf3d0000 - 0x00007ffbaf3da000 	C:\windows\SYSTEM32\VERSION.dll
0x00007ffbba230000 - 0x00007ffbba243000 	C:\windows\SYSTEM32\UMPDC.dll
0x00007ffbb8b10000 - 0x00007ffbb8b28000 	C:\windows\SYSTEM32\kernel.appcore.dll
0x00007ffb9acb0000 - 0x00007ffb9acba000 	c:\Users\abhin\.vscode\extensions\redhat.java-1.52.0-win32-x64\jre\21.0.9-win32-x86_64\bin\jimage.dll
0x00007ffbb9bf0000 - 0x00007ffbb9e23000 	C:\windows\SYSTEM32\DBGHELP.DLL
0x00007ffbbbfc0000 - 0x00007ffbbc353000 	C:\windows\System32\combase.dll
0x00007ffbbc4a0000 - 0x00007ffbbc577000 	C:\windows\System32\OLEAUT32.dll
0x00007ffbb9ae0000 - 0x00007ffbb9b12000 	C:\windows\SYSTEM32\dbgcore.DLL
0x00007ffbbad40000 - 0x00007ffbbadbb000 	C:\windows\System32\bcryptPrimitives.dll
0x00007ffb879d0000 - 0x00007ffb879df000 	c:\Users\abhin\.vscode\extensions\redhat.java-1.52.0-win32-x64\jre\21.0.9-win32-x86_64\bin\instrument.dll
0x00007ffb879b0000 - 0x00007ffb879d0000 	c:\Users\abhin\.vscode\extensions\redhat.java-1.52.0-win32-x64\jre\21.0.9-win32-x86_64\bin\java.dll
0x00007ffbbb710000 - 0x00007ffbbbfb2000 	C:\windows\System32\SHELL32.dll
0x00007ffbba3b0000 - 0x00007ffbba4ef000 	C:\windows\System32\wintypes.dll
0x00007ffbb79a0000 - 0x00007ffbb82bd000 	C:\windows\SYSTEM32\windows.storage.dll
0x00007ffbbb040000 - 0x00007ffbbb14c000 	C:\windows\System32\SHCORE.dll
0x00007ffbbb4e0000 - 0x00007ffbbb549000 	C:\windows\System32\shlwapi.dll
0x00007ffbba2b0000 - 0x00007ffbba2db000 	C:\windows\SYSTEM32\profapi.dll
0x00007ffb59150000 - 0x00007ffb59168000 	c:\Users\abhin\.vscode\extensions\redhat.java-1.52.0-win32-x64\jre\21.0.9-win32-x86_64\bin\zip.dll
0x00007ffb879a0000 - 0x00007ffb879b0000 	C:\Users\abhin\.vscode\extensions\redhat.java-1.52.0-win32-x64\jre\21.0.9-win32-x86_64\bin\net.dll
0x00007ffbb5360000 - 0x00007ffbb548c000 	C:\windows\SYSTEM32\WINHTTP.dll
0x00007ffbb8f70000 - 0x00007ffbb8fd9000 	C:\windows\system32\mswsock.dll
0x00007ffb59130000 - 0x00007ffb59146000 	C:\Users\abhin\.vscode\extensions\redhat.java-1.52.0-win32-x64\jre\21.0.9-win32-x86_64\bin\nio.dll
0x00007ffb753a0000 - 0x00007ffb753b0000 	c:\Users\abhin\.vscode\extensions\redhat.java-1.52.0-win32-x64\jre\21.0.9-win32-x86_64\bin\verify.dll
0x00007ffb4a4d0000 - 0x00007ffb4a515000 	C:\Users\abhin\AppData\Roaming\Code\User\globalStorage\redhat.java\1.52.0\config_ss_win\org.eclipse.equinox.launcher\org.eclipse.equinox.launcher.win32.win32.x86_64_1.2.1500.v20260121-1430\eclipse_11919.dll
0x00007ffbbb230000 - 0x00007ffbbb3d0000 	C:\windows\System32\ole32.dll
0x00007ffb74da0000 - 0x00007ffb74daa000 	C:\Users\abhin\.vscode\extensions\redhat.java-1.52.0-win32-x64\jre\21.0.9-win32-x86_64\bin\management.dll
0x00007ffb74340000 - 0x00007ffb7434c000 	C:\Users\abhin\.vscode\extensions\redhat.java-1.52.0-win32-x64\jre\21.0.9-win32-x86_64\bin\management_ext.dll
0x00007ffbbb490000 - 0x00007ffbbb498000 	C:\windows\System32\PSAPI.DLL

JVMTI agents:
c:\Users\abhin\.vscode\extensions\redhat.java-1.52.0-win32-x64\lombok\lombok-1.18.39-4050.jar path:c:\Users\abhin\.vscode\extensions\redhat.java-1.52.0-win32-x64\jre\21.0.9-win32-x86_64\bin\instrument.dll, loaded, initialized, instrumentlib options:none

dbghelp: loaded successfully - version: 4.0.5 - missing functions: none
symbol engine: initialized successfully - sym options: 0x614 - pdb path: .;c:\Users\abhin\.vscode\extensions\redhat.java-1.52.0-win32-x64\jre\21.0.9-win32-x86_64\bin;C:\windows\SYSTEM32;C:\windows\WinSxS\amd64_microsoft.windows.common-controls_6595b64144ccf1df_6.0.22621.5547_none_27104afb73855772;c:\Users\abhin\.vscode\extensions\redhat.java-1.52.0-win32-x64\jre\21.0.9-win32-x86_64\bin\server;C:\Users\abhin\AppData\Roaming\Code\User\globalStorage\redhat.java\1.52.0\config_ss_win\org.eclipse.equinox.launcher\org.eclipse.equinox.launcher.win32.win32.x86_64_1.2.1500.v20260121-1430

VM Arguments:
jvm_args: --add-modules=ALL-SYSTEM --add-opens=java.base/java.util=ALL-UNNAMED --add-opens=java.base/java.lang=ALL-UNNAMED --add-opens=java.base/sun.nio.fs=ALL-UNNAMED -Declipse.application=org.eclipse.jdt.ls.core.id1 -Dosgi.bundles.defaultStartLevel=4 -Declipse.product=org.eclipse.jdt.ls.core.product -Djava.import.generatesMetadataFilesAtProjectRoot=false -DDetectVMInstallationsJob.disabled=true -Dfile.encoding=utf8 -XX:+UseParallelGC -XX:GCTimeRatio=4 -XX:AdaptiveSizePolicyWeight=90 -Dsun.zip.disableMemoryMapping=true -Xmx2G -Xms100m -Xlog:disable -javaagent:c:\Users\abhin\.vscode\extensions\redhat.java-1.52.0-win32-x64\lombok\lombok-1.18.39-4050.jar 
java_command: c:\Users\abhin\.vscode\extensions\redhat.java-1.52.0-win32-x64\server\plugins\org.eclipse.equinox.launcher_1.7.100.v20251111-0406.jar -configuration c:\Users\abhin\AppData\Roaming\Code\User\globalStorage\redhat.java\1.52.0\config_ss_win -data c:\Users\abhin\AppData\Roaming\Code\User\workspaceStorage\cd8829bb144f266e71c185ab02aa06c9\redhat.java\ss_ws --pipe=\\.\pipe\lsp-5b5f51d14a6eb0f1015e7fbd64df2653-sock
java_class_path (initial): c:\Users\abhin\.vscode\extensions\redhat.java-1.52.0-win32-x64\server\plugins\org.eclipse.equinox.launcher_1.7.100.v20251111-0406.jar
Launcher Type: SUN_STANDARD

[Global flags]
    uintx AdaptiveSizePolicyWeight                 = 90                                        {product} {command line}
     intx CICompilerCount                          = 4                                         {product} {ergonomic}
    uintx GCTimeRatio                              = 4                                         {product} {command line}
   size_t InitialHeapSize                          = 104857600                                 {product} {command line}
   size_t MaxHeapSize                              = 2147483648                                {product} {command line}
   size_t MaxNewSize                               = 715653120                                 {product} {ergonomic}
   size_t MinHeapDeltaBytes                        = 524288                                    {product} {ergonomic}
   size_t MinHeapSize                              = 104857600                                 {product} {command line}
   size_t NewSize                                  = 34603008                                  {product} {ergonomic}
    uintx NonNMethodCodeHeapSize                   = 5839372                                {pd product} {ergonomic}
    uintx NonProfiledCodeHeapSize                  = 122909434                              {pd product} {ergonomic}
   size_t OldSize                                  = 70254592                                  {product} {ergonomic}
    uintx ProfiledCodeHeapSize                     = 122909434                              {pd product} {ergonomic}
    uintx ReservedCodeCacheSize                    = 251658240                              {pd product} {ergonomic}
     bool SegmentedCodeCache                       = true                                      {product} {ergonomic}
   size_t SoftMaxHeapSize                          = 2147483648                             {manageable} {ergonomic}
     bool UseCompressedOops                        = true                           {product lp64_product} {ergonomic}
     bool UseLargePagesIndividualAllocation        = false                                  {pd product} {ergonomic}
     bool UseParallelGC                            = true                                      {product} {command line}

Logging:
Log output configuration:
 #0: stdout all=off uptime,level,tags foldmultilines=false
 #1: stderr all=off uptime,level,tags foldmultilines=false

Release file:
JAVA_VERSION="21.0.9" 
MODULES="java.base java.compiler java.datatransfer java.xml java.prefs java.desktop java.instrument java.logging java.management java.security.sasl java.naming java.rmi java.management.rmi java.net.http java.scripting java.security.jgss java.transaction.xa java.sql java.sql.rowset java.xml.crypto java.se java.smartcardio jdk.accessibility jdk.internal.jvmstat jdk.attach jdk.charsets jdk.internal.opt jdk.zipfs jdk.compiler jdk.crypto.ec jdk.crypto.cryptoki jdk.crypto.mscapi jdk.dynalink jdk.internal.ed jdk.editpad jdk.hotspot.agent jdk.httpserver jdk.internal.le jdk.internal.vm.ci jdk.internal.vm.compiler jdk.internal.vm.compiler.management jdk.jartool jdk.javadoc jdk.jcmd jdk.management jdk.management.agent jdk.jconsole jdk.jdeps jdk.jdwp.agent jdk.jdi jdk.jfr jdk.jshell jdk.jsobject jdk.jstatd jdk.localedata jdk.management.jfr jdk.naming.dns jdk.naming.rmi jdk.net jdk.nio.mapmode jdk.random jdk.sctp jdk.security.auth jdk.security.jgss jdk.unsupported jdk.unsupported.desktop jdk.xml.dom" 

Environment Variables:
JAVA_HOME=C:\Program Files\Java\jdk-25.0.2
PATH=C:\Program Files\Common Files\Oracle\Java\javapath;C:\Program Files (x86)\Common Files\Oracle\Java\javapath;C:\windows\system32;C:\windows;C:\windows\System32\Wbem;C:\windows\System32\WindowsPowerShell\v1.0\;C:\windows\System32\OpenSSH\;C:\Program Files (x86)\NVIDIA Corporation\PhysX\Common;C:\Program Files\NVIDIA Corporation\NVIDIA NvDLISR;C:\Program Files\Cloudflare\Cloudflare WARP\;C:\MinGW\bin;D:\VSCODE\Microsoft VS Code\bin;D:\VSCODE\Git\cmd;C:\Users\abhin\AppData\Local\Microsoft\WindowsApps;C:\Users\abhin\AppData\Local\Programs\Microsoft VS Code\bin;C:\Users\abhin\AppData\Local\Python\bin;C:\Program Files\Java\jdk-25.0.2\bin;
USERNAME=abhin
OS=Windows_NT
PROCESSOR_IDENTIFIER=AMD64 Family 25 Model 80 Stepping 0, AuthenticAMD
TMP=C:\Users\abhin\AppData\Local\Temp
TEMP=C:\Users\abhin\AppData\Local\Temp




Periodic native trim disabled

---------------  S Y S T E M  ---------------

OS:
 Windows 11 , 64 bit Build 22621 (10.0.22621.5415)
OS uptime: 0 days 4:56 hours
Hyper-V role detected

CPU: total 12 (initial active 12) (12 cores per cpu, 2 threads per core) family 25 model 80 stepping 0 microcode 0x0, cx8, cmov, fxsr, ht, mmx, 3dnowpref, sse, sse2, sse3, ssse3, sse4a, sse4.1, sse4.2, popcnt, lzcnt, tsc, tscinvbit, avx, avx2, aes, erms, clmul, bmi1, bmi2, adx, sha, fma, vzeroupper, clflush, clflushopt, hv, rdtscp, rdpid, fsrm, f16c, cet_ss
Processor Information for processor 0
  Max Mhz: 3301, Current Mhz: 3301, Mhz Limit: 3301
Processor Information for processor 1
  Max Mhz: 3301, Current Mhz: 3301, Mhz Limit: 3301
Processor Information for processor 2
  Max Mhz: 3301, Current Mhz: 3301, Mhz Limit: 3301
Processor Information for processor 3
  Max Mhz: 3301, Current Mhz: 3301, Mhz Limit: 3301
Processor Information for processor 4
  Max Mhz: 3301, Current Mhz: 3301, Mhz Limit: 3301
Processor Information for processor 5
  Max Mhz: 3301, Current Mhz: 3301, Mhz Limit: 3301
Processor Information for processor 6
  Max Mhz: 3301, Current Mhz: 3301, Mhz Limit: 3301
Processor Information for processor 7
  Max Mhz: 3301, Current Mhz: 2630, Mhz Limit: 3301
Processor Information for processor 8
  Max Mhz: 3301, Current Mhz: 3301, Mhz Limit: 3301
Processor Information for processor 9
  Max Mhz: 3301, Current Mhz: 3301, Mhz Limit: 3301
Processor Information for processor 10
  Max Mhz: 3301, Current Mhz: 2630, Mhz Limit: 3301
Processor Information for processor 11
  Max Mhz: 3301, Current Mhz: 3301, Mhz Limit: 3301

Memory: 4k page, system-wide physical 15710M (2010M free)
TotalPageFile size 20176M (AvailPageFile size 2M)
current process WorkingSet (physical memory assigned to process): 121M, peak: 121M
current process commit charge ("private bytes"): 267M, peak: 267M

vm_info: OpenJDK 64-Bit Server VM (21.0.9+10-LTS) for windows-amd64 JRE (21.0.9+10-LTS), built on 2025-10-21T00:00:00Z by "admin" with unknown MS VC++:1942

END.
